[2023-05-12T00:47:34+08:00][error] [10501]SQLSTATE[42S22]: Column not found: 1054 Unknown column 'sehe' in 'where clause'
[2023-05-12T01:03:11+08:00][error] [10501]SQLSTATE[42S22]: Column not found: 1054 Unknown column 'sehe' in 'where clause'
[2023-05-12T01:03:17+08:00][error] [10501]SQLSTATE[42S22]: Column not found: 1054 Unknown column 'sehe' in 'where clause'
[2023-05-12T01:15:40+08:00][error] [10501]SQLSTATE[42S22]: Column not found: 1054 Unknown column 'sehe' in 'where clause'
[2023-05-12T01:21:39+08:00][error] [10501]SQLSTATE[42S22]: Column not found: 1054 Unknown column 'sehe' in 'where clause'
[2023-05-12T01:28:12+08:00][error] [10501]SQLSTATE[42S22]: Column not found: 1054 Unknown column 'sehe' in 'where clause'
[2023-05-12T01:35:09+08:00][error] [10501]SQLSTATE[42S22]: Column not found: 1054 Unknown column 'sehe' in 'where clause'
[2023-05-12T01:36:48+08:00][error] [10501]SQLSTATE[42S22]: Column not found: 1054 Unknown column 'sehe' in 'where clause'
[2023-05-12T01:39:00+08:00][error] [10501]SQLSTATE[42S02]: Base table or view not found: 1146 Table 'daohang.dh_tongjiuid' doesn't exist
[2023-05-12T01:42:02+08:00][error] [10501]SQLSTATE[42S22]: Column not found: 1054 Unknown column 'uid' in 'order clause'
[2023-05-12T01:42:09+08:00][error] [10501]SQLSTATE[42S22]: Column not found: 1054 Unknown column 'uid' in 'order clause'
[2023-05-12T02:03:34+08:00][error] [10501]SQLSTATE[42S22]: Column not found: 1054 Unknown column 'uid' in 'order clause'
[2023-05-12T02:05:16+08:00][error] [10501]SQLSTATE[42S22]: Column not found: 1054 Unknown column 'uid' in 'order clause'
[2023-05-12T02:05:22+08:00][error] [10501]SQLSTATE[42S22]: Column not found: 1054 Unknown column 'uid' in 'order clause'
[2023-05-12T14:41:52+08:00][error] [10501]SQLSTATE[42S22]: Column not found: 1054 Unknown column 'channelCode' in 'where clause'
[2023-05-12T14:48:42+08:00][error] [0]模板文件不存在:/www/wwwroot/daohang/view/gladmin/data/data/getchannel_code.html
[2023-05-12T14:50:24+08:00][error] [0]模板文件不存在:/www/wwwroot/daohang/view/gladmin/data/data/getchannel_code.html
[2023-05-12T14:50:43+08:00][error] [0]模板文件不存在:/www/wwwroot/daohang/view/gladmin/data/data/getchannel_code.html
[2023-05-12T19:58:06+08:00][error] [10501]SQLSTATE[42S22]: Column not found: 1054 Unknown column 'uid' in 'order clause'
[2023-05-12T19:59:38+08:00][error] [10501]SQLSTATE[42S22]: Column not found: 1054 Unknown column 'uid' in 'order clause'
[2023-05-12T19:59:43+08:00][error] [10501]SQLSTATE[42S22]: Column not found: 1054 Unknown column 'uid' in 'order clause'
[2023-05-12T20:04:30+08:00][error] [10501]SQLSTATE[42S22]: Column not found: 1054 Unknown column 'uid' in 'order clause'
