[2023-12-26T01:36:07+08:00][error] [10501]SQLSTATE[HY000] [1040] Too many connections
[2023-12-26T01:36:12+08:00][error] [10501]SQLSTATE[HY000] [1040] Too many connections
[2023-12-26T01:36:13+08:00][error] [10501]SQLSTATE[HY000] [1040] Too many connections
[2023-12-26T01:36:15+08:00][error] [10501]SQLSTATE[HY000] [1040] Too many connections
[2023-12-26T01:36:27+08:00][error] [10501]SQLSTATE[HY000] [1040] Too many connections
[2023-12-26T17:33:58+08:00][error] [10501]SQLSTATE[08004] [1040] Too many connections
[2023-12-26T17:33:58+08:00][error] [10501]SQLSTATE[HY000] [1040] Too many connections
[2023-12-26T17:34:02+08:00][error] [10501]SQLSTATE[08S01]: Communication link failure: 1053 Server shutdown in progress
[2023-12-26T17:34:02+08:00][error] [10501]SQLSTATE[08S01]: Communication link failure: 1053 Server shutdown in progress
[2023-12-26T17:34:02+08:00][error] [10501]SQLSTATE[08S01]: Communication link failure: 1053 Server shutdown in progress
[2023-12-26T18:22:51+08:00][error] [0]方法参数错误:id
[2023-12-26T19:33:51+08:00][error] [10501]SQLSTATE[HY000] [1040] Too many connections
[2023-12-26T19:33:54+08:00][error] [10501]SQLSTATE[08004] [1040] Too many connections
[2023-12-26T19:33:55+08:00][error] [10501]SQLSTATE[08004] [1040] Too many connections
[2023-12-26T23:34:26+08:00][error] [10501]SQLSTATE[HY000] [1040] Too many connections
[2023-12-26T23:34:38+08:00][error] [10501]SQLSTATE[HY000] [1040] Too many connections
[2023-12-26T23:34:41+08:00][error] [10501]SQLSTATE[HY000] [1040] Too many connections
[2023-12-26T23:34:42+08:00][error] [10501]SQLSTATE[HY000] [1040] Too many connections
[2023-12-26T23:34:44+08:00][error] [10501]SQLSTATE[HY000] [1040] Too many connections
[2023-12-26T23:34:48+08:00][error] [10501]SQLSTATE[HY000] [1040] Too many connections
[2023-12-26T23:34:59+08:00][error] [10501]SQLSTATE[HY000] [1040] Too many connections
[2023-12-26T23:35:02+08:00][error] [10501]SQLSTATE[HY000] [1040] Too many connections
[2023-12-26T23:35:22+08:00][error] [10501]SQLSTATE[HY000] [1040] Too many connections
[2023-12-26T23:35:23+08:00][error] [10501]SQLSTATE[HY000] [1040] Too many connections
[2023-12-26T23:35:23+08:00][error] [10501]SQLSTATE[HY000] [1040] Too many connections
[2023-12-26T23:35:25+08:00][error] [10501]SQLSTATE[08004] [1040] Too many connections
[2023-12-26T23:35:27+08:00][error] [10501]SQLSTATE[08004] [1040] Too many connections
[2023-12-26T23:35:30+08:00][error] [10501]SQLSTATE[HY000] [1040] Too many connections
[2023-12-26T23:35:39+08:00][error] [10501]SQLSTATE[HY000] [1040] Too many connections
[2023-12-26T23:35:41+08:00][error] [10501]SQLSTATE[HY000] [1040] Too many connections
[2023-12-26T23:36:07+08:00][error] [10501]SQLSTATE[HY000] [1040] Too many connections
[2023-12-26T23:38:07+08:00][error] [10501]SQLSTATE[HY000]: General error: 2006 MySQL server has gone away
