[2023-08-02T00:26:27+08:00][error] array (
  0 => 
  array (
    0 => 'channelCode',
    1 => '=',
    2 => '13',
  ),
)
[2023-08-02T00:28:54+08:00][error] SELECT * FROM `dh_qdtongji` WHERE  `channelCode` = '13' ORDER BY `id` DESC LIMIT 0,15
[2023-08-02T00:39:40+08:00][error] SELECT * FROM `dh_qdtongji` WHERE  `channelCode` = '13' ORDER BY `id` DESC LIMIT 0,15
[2023-08-02T00:48:27+08:00][error] SELECT * FROM `dh_qdtongji` WHERE  `date` = '2023-08-01' ORDER BY `id` DESC LIMIT 0,15
[2023-08-02T00:48:35+08:00][error] SELECT * FROM `dh_qdtongji` WHERE  `date` >= '2023-08-02'  AND `date` <= '2023-08-02' ORDER BY `id` DESC LIMIT 0,15
[2023-08-02T04:28:53+08:00][error] [10501]SQLSTATE[42S22]: Column not found: 1054 Unknown column 'date' in 'where clause'
[2023-08-02T04:29:07+08:00][error] [10501]SQLSTATE[42S22]: Column not found: 1054 Unknown column 'date' in 'where clause'
[2023-08-02T15:37:22+08:00][error] [0]模板文件不存在:/www/wwwroot/redlight/view/gladmin/data/users/batch_add.html
[2023-08-02T15:40:21+08:00][error] [0]模板文件不存在:/www/wwwroot/redlight/view/gladmin/data/users/batch_add.html
[2023-08-02T16:25:14+08:00][error] [10501]SQLSTATE[42S22]: Column not found: 1054 Unknown column 'date' in 'where clause'
[2023-08-02T21:41:02+08:00][error] [10501]SQLSTATE[HY000] [2002] Connection refused
[2023-08-02T22:14:55+08:00][error] [10501]SQLSTATE[42S22]: Column not found: 1054 Unknown column 'date' in 'where clause'
[2023-08-02T22:15:02+08:00][error] [10501]SQLSTATE[42S22]: Column not found: 1054 Unknown column 'date' in 'where clause'
