[2024-09-14T22:59:16+08:00][error] [2]include(/www/wwwroot/532rzp.com/app/middleware.php): failed to open stream: Too many open files in system
[2024-09-14T22:59:22+08:00][error] [2]include(/www/wwwroot/532rzp.com/app/middleware.php): failed to open stream: Too many open files in system
[2024-09-14T22:59:22+08:00][error] [0]Class 'think\exception\ErrorException' not found
[2024-09-14T22:59:29+08:00][error] [0]Class 'think\exception\ErrorException' not found
[2024-09-14T23:00:22+08:00][error] [2]include(/www/wwwroot/532rzp.com/app/middleware.php): failed to open stream: Too many open files in system
[2024-09-14T23:00:36+08:00][error] [2]include(/www/wwwroot/532rzp.com/vendor/topthink/think-multi-app/src/MultiApp.php): failed to open stream: Too many open files in system
[2024-09-14T23:00:40+08:00][error] [2]include(/www/wwwroot/532rzp.com/vendor/topthink/framework/src/think/Middleware.php): failed to open stream: Too many open files in system
[2024-09-14T23:00:42+08:00][error] [2]include(/www/wwwroot/532rzp.com/vendor/topthink/framework/src/think/Pipeline.php): failed to open stream: Too many open files in system
[2024-09-14T23:00:53+08:00][error] [2]include(/www/wwwroot/532rzp.com/vendor/topthink/think-multi-app/src/MultiApp.php): failed to open stream: Too many open files in system
[2024-09-14T23:00:59+08:00][error] [2]include(/www/wwwroot/532rzp.com/app/middleware.php): failed to open stream: Too many open files in system
[2024-09-14T23:01:01+08:00][error] [2]include(/www/wwwroot/532rzp.com/vendor/topthink/framework/src/think/Middleware.php): failed to open stream: Too many open files in system
[2024-09-14T23:01:03+08:00][error] [2]include(/www/wwwroot/532rzp.com/vendor/topthink/framework/src/think/Middleware.php): failed to open stream: Too many open files in system
[2024-09-14T23:01:03+08:00][error] [2]include(/www/wwwroot/532rzp.com/vendor/topthink/framework/src/think/Pipeline.php): failed to open stream: Too many open files in system
[2024-09-14T23:01:50+08:00][error] [2]include(/www/wwwroot/532rzp.com/vendor/topthink/framework/src/think/Pipeline.php): failed to open stream: Too many open files in system
[2024-09-14T23:02:35+08:00][error] [2]include(/www/wwwroot/532rzp.com/vendor/topthink/framework/src/think/Middleware.php): failed to open stream: Too many open files in system
[2024-09-14T23:02:36+08:00][error] [2]include(/www/wwwroot/532rzp.com/vendor/topthink/framework/src/think/Middleware.php): failed to open stream: Too many open files in system
[2024-09-14T23:03:30+08:00][error] [2]include(/www/wwwroot/532rzp.com/app/middleware.php): failed to open stream: Too many open files in system
[2024-09-14T23:03:48+08:00][error] [0]Class 'think\exception\ErrorException' not found
[2024-09-14T23:04:06+08:00][error] [0]Class 'think\exception\ErrorException' not found
[2024-09-14T23:04:07+08:00][error] [2]include(/www/wwwroot/532rzp.com/app/ExceptionHandle.php): failed to open stream: Too many open files in system
[2024-09-14T23:04:13+08:00][error] [2]include(/www/wwwroot/532rzp.com/vendor/topthink/framework/src/think/Pipeline.php): failed to open stream: Too many open files in system
[2024-09-14T23:04:16+08:00][error] [2]include(/www/wwwroot/532rzp.com/vendor/topthink/framework/src/think/Middleware.php): failed to open stream: Too many open files in system
[2024-09-14T23:04:16+08:00][error] [2]include(/www/wwwroot/532rzp.com/vendor/topthink/framework/src/think/Middleware.php): failed to open stream: Too many open files in system
[2024-09-14T23:04:17+08:00][error] [2]include(/www/wwwroot/532rzp.com/vendor/topthink/framework/src/think/Middleware.php): failed to open stream: Too many open files in system
[2024-09-14T23:04:19+08:00][error] [2]include(/www/wwwroot/532rzp.com/vendor/topthink/framework/src/think/Pipeline.php): failed to open stream: Too many open files in system
[2024-09-14T23:04:19+08:00][error] [2]include(/www/wwwroot/532rzp.com/app/middleware.php): failed to open stream: Too many open files in system
[2024-09-14T23:04:19+08:00][error] [0]Class 'think\exception\ErrorException' not found
[2024-09-14T23:04:19+08:00][error] [2]include(/www/wwwroot/532rzp.com/app/middleware.php): failed to open stream: Too many open files in system
[2024-09-14T23:04:19+08:00][error] [0]Class 'think\exception\ErrorException' not found
[2024-09-14T23:04:21+08:00][error] [0]Class 'think\exception\ErrorException' not found
[2024-09-14T23:04:21+08:00][error] [2]include(/www/wwwroot/532rzp.com/vendor/topthink/framework/src/think/facade/App.php): failed to open stream: Too many open files in system
[2024-09-14T23:04:22+08:00][error] [2]include(/www/wwwroot/532rzp.com/app/middleware.php): failed to open stream: Too many open files in system
[2024-09-14T23:05:09+08:00][error] [2]include(/www/wwwroot/532rzp.com/vendor/topthink/think-multi-app/src/MultiApp.php): failed to open stream: Too many open files in system
[2024-09-14T23:05:44+08:00][error] [2]include(/www/wwwroot/532rzp.com/vendor/topthink/think-multi-app/src/MultiApp.php): failed to open stream: Too many open files in system
[2024-09-14T23:05:44+08:00][error] [2]include(/www/wwwroot/532rzp.com/vendor/topthink/framework/src/think/Middleware.php): failed to open stream: Too many open files in system
[2024-09-14T23:05:44+08:00][error] [2]include(/www/wwwroot/532rzp.com/app/middleware.php): failed to open stream: Too many open files in system
[2024-09-14T23:05:45+08:00][error] [0]Class 'think\exception\ErrorException' not found
[2024-09-14T23:06:30+08:00][error] [0]Class 'think\exception\ErrorException' not found
[2024-09-14T23:06:38+08:00][error] [0]Class 'think\exception\ErrorException' not found
[2024-09-14T23:07:22+08:00][error] [2]include(/www/wwwroot/532rzp.com/vendor/topthink/framework/src/think/Pipeline.php): failed to open stream: Too many open files in system
[2024-09-14T23:07:23+08:00][error] [2]include(/www/wwwroot/532rzp.com/vendor/topthink/framework/src/think/Pipeline.php): failed to open stream: Too many open files in system
[2024-09-14T23:07:28+08:00][error] [0]Class 'think\exception\ErrorException' not found
[2024-09-14T23:07:29+08:00][error] [2]include(/www/wwwroot/532rzp.com/vendor/topthink/framework/src/think/Middleware.php): failed to open stream: Too many open files in system
[2024-09-14T23:07:29+08:00][error] [2]include(/www/wwwroot/532rzp.com/vendor/topthink/think-multi-app/src/MultiApp.php): failed to open stream: Too many open files in system
[2024-09-14T23:07:29+08:00][error] [2]include(/www/wwwroot/532rzp.com/vendor/topthink/framework/src/think/Response.php): failed to open stream: Too many open files in system
[2024-09-14T23:07:32+08:00][error] [2]include(/www/wwwroot/532rzp.com/app/ExceptionHandle.php): failed to open stream: Too many open files in system
[2024-09-14T23:20:59+08:00][error] [0]Class 'think\exception\ErrorException' not found
[2024-09-14T23:21:04+08:00][error] [0]Class 'think\exception\ErrorException' not found
[2024-09-14T23:21:08+08:00][error] [2]include(/www/wwwroot/532rzp.com/vendor/topthink/framework/src/think/Pipeline.php): failed to open stream: Too many open files in system
[2024-09-14T23:21:11+08:00][error] [0]Class 'think\exception\ErrorException' not found
[2024-09-14T23:21:12+08:00][error] [0]Class 'think\exception\ErrorException' not found
[2024-09-14T23:21:13+08:00][error] [0]Class 'think\exception\ErrorException' not found
[2024-09-14T23:21:17+08:00][error] [2]include(/www/wwwroot/532rzp.com/app/ExceptionHandle.php): failed to open stream: Too many open files in system
[2024-09-14T23:21:18+08:00][error] [0]Class 'think\exception\ErrorException' not found
[2024-09-14T23:21:18+08:00][error] [2]include(/www/wwwroot/532rzp.com/vendor/topthink/think-multi-app/src/MultiApp.php): failed to open stream: Too many open files in system
[2024-09-14T23:21:19+08:00][error] [2]include(/www/wwwroot/532rzp.com/vendor/topthink/framework/src/think/Pipeline.php): failed to open stream: Too many open files in system
[2024-09-14T23:21:23+08:00][error] [2]include(/www/wwwroot/532rzp.com/vendor/topthink/framework/src/think/Pipeline.php): failed to open stream: Too many open files in system
[2024-09-14T23:21:24+08:00][error] [0]Class 'think\exception\ErrorException' not found
[2024-09-14T23:21:28+08:00][error] [2]include(/www/wwwroot/532rzp.com/vendor/topthink/framework/src/think/Middleware.php): failed to open stream: Too many open files in system
[2024-09-14T23:21:31+08:00][error] [2]include(/www/wwwroot/532rzp.com/vendor/topthink/framework/src/think/Pipeline.php): failed to open stream: Too many open files in system
[2024-09-14T23:21:31+08:00][error] [2]include(/www/wwwroot/532rzp.com/vendor/topthink/framework/src/think/Pipeline.php): failed to open stream: Too many open files in system
[2024-09-14T23:21:32+08:00][error] [2]include(/www/wwwroot/532rzp.com/app/ExceptionHandle.php): failed to open stream: Too many open files in system
[2024-09-14T23:21:32+08:00][error] [0]Class 'think\exception\ErrorException' not found
[2024-09-14T23:21:32+08:00][error] [2]include(/www/wwwroot/532rzp.com/vendor/topthink/think-multi-app/src/MultiApp.php): failed to open stream: Too many open files in system
[2024-09-14T23:21:37+08:00][error] [2]include(/www/wwwroot/532rzp.com/vendor/topthink/think-multi-app/src/MultiApp.php): failed to open stream: Too many open files in system
[2024-09-14T23:21:39+08:00][error] [2]include(/www/wwwroot/532rzp.com/app/middleware.php): failed to open stream: Too many open files in system
[2024-09-14T23:21:43+08:00][error] [0]Class 'think\exception\ErrorException' not found
[2024-09-14T23:21:45+08:00][error] [0]Class 'think\exception\ErrorException' not found
[2024-09-14T23:21:49+08:00][error] [2]include(/www/wwwroot/532rzp.com/vendor/topthink/framework/src/think/Pipeline.php): failed to open stream: Too many open files in system
[2024-09-14T23:21:50+08:00][error] [2]include(/www/wwwroot/532rzp.com/app/middleware.php): failed to open stream: Too many open files in system
[2024-09-14T23:21:53+08:00][error] [2]include(/www/wwwroot/532rzp.com/app/middleware.php): failed to open stream: Too many open files in system
[2024-09-14T23:21:54+08:00][error] [2]include(/www/wwwroot/532rzp.com/vendor/topthink/framework/src/think/Pipeline.php): failed to open stream: Too many open files in system
[2024-09-14T23:21:57+08:00][error] [0]Class 'think\exception\ErrorException' not found
[2024-09-14T23:21:58+08:00][error] [2]include(/www/wwwroot/532rzp.com/vendor/topthink/framework/src/think/Middleware.php): failed to open stream: Too many open files in system
[2024-09-14T23:21:58+08:00][error] [0]Class 'think\exception\ErrorException' not found
[2024-09-14T23:22:01+08:00][error] [2]include(/www/wwwroot/532rzp.com/vendor/topthink/framework/src/think/Pipeline.php): failed to open stream: Too many open files in system
[2024-09-14T23:22:03+08:00][error] [2]include(/www/wwwroot/532rzp.com/app/middleware.php): failed to open stream: Too many open files in system
[2024-09-14T23:22:06+08:00][error] [0]Class 'think\exception\ErrorException' not found
[2024-09-14T23:22:06+08:00][error] [2]include(/www/wwwroot/532rzp.com/vendor/topthink/framework/src/think/Middleware.php): failed to open stream: Too many open files in system
[2024-09-14T23:22:06+08:00][error] [0]Class 'think\exception\ErrorException' not found
[2024-09-14T23:22:07+08:00][error] [0]Class 'think\exception\ErrorException' not found
[2024-09-14T23:22:08+08:00][error] [2]include(/www/wwwroot/532rzp.com/vendor/topthink/think-multi-app/src/MultiApp.php): failed to open stream: Too many open files in system
[2024-09-14T23:22:08+08:00][error] [2]include(/www/wwwroot/532rzp.com/vendor/topthink/think-multi-app/src/MultiApp.php): failed to open stream: Too many open files in system
[2024-09-14T23:22:09+08:00][error] [0]Class 'think\exception\ErrorException' not found
[2024-09-14T23:22:09+08:00][error] [0]Class 'think\exception\ErrorException' not found
[2024-09-14T23:22:12+08:00][error] [2]include(/www/wwwroot/532rzp.com/vendor/topthink/framework/src/think/Middleware.php): failed to open stream: Too many open files in system
[2024-09-14T23:22:15+08:00][error] [2]include(/www/wwwroot/532rzp.com/vendor/topthink/framework/src/think/Middleware.php): failed to open stream: Too many open files in system
[2024-09-14T23:22:33+08:00][error] [2]include(/www/wwwroot/532rzp.com/vendor/topthink/framework/src/think/Middleware.php): failed to open stream: Too many open files in system
[2024-09-14T23:22:35+08:00][error] [2]include(/www/wwwroot/532rzp.com/vendor/topthink/think-multi-app/src/MultiApp.php): failed to open stream: Too many open files in system
[2024-09-14T23:22:36+08:00][error] [2]include(/www/wwwroot/532rzp.com/app/middleware.php): failed to open stream: Too many open files in system
[2024-09-14T23:22:36+08:00][error] [0]Class 'think\exception\ErrorException' not found
[2024-09-14T23:22:37+08:00][error] [2]include(/www/wwwroot/532rzp.com/vendor/topthink/framework/src/think/Pipeline.php): failed to open stream: Too many open files in system
[2024-09-14T23:22:40+08:00][error] [0]Class 'think\exception\ErrorException' not found
[2024-09-14T23:22:40+08:00][error] [2]include(/www/wwwroot/532rzp.com/vendor/topthink/think-multi-app/src/MultiApp.php): failed to open stream: Too many open files in system
[2024-09-14T23:22:40+08:00][error] [0]Class 'think\exception\ErrorException' not found
[2024-09-14T23:22:43+08:00][error] [2]include(/www/wwwroot/532rzp.com/vendor/topthink/framework/src/think/Middleware.php): failed to open stream: Too many open files in system
[2024-09-14T23:22:45+08:00][error] [2]include(/www/wwwroot/532rzp.com/vendor/topthink/think-multi-app/src/MultiApp.php): failed to open stream: Too many open files in system
[2024-09-14T23:22:45+08:00][error] [2]include(/www/wwwroot/532rzp.com/vendor/topthink/framework/src/think/Middleware.php): failed to open stream: Too many open files in system
[2024-09-14T23:22:45+08:00][error] [2]include(/www/wwwroot/532rzp.com/vendor/topthink/framework/src/think/Middleware.php): failed to open stream: Too many open files in system
[2024-09-14T23:22:46+08:00][error] [2]include(/www/wwwroot/532rzp.com/app/middleware.php): failed to open stream: Too many open files in system
[2024-09-14T23:22:47+08:00][error] [2]include(/www/wwwroot/532rzp.com/app/middleware.php): failed to open stream: Too many open files in system
[2024-09-14T23:22:47+08:00][error] [2]include(/www/wwwroot/532rzp.com/vendor/topthink/framework/src/think/Pipeline.php): failed to open stream: Too many open files in system
[2024-09-14T23:22:49+08:00][error] [0]Class 'think\exception\ErrorException' not found
[2024-09-14T23:22:51+08:00][error] [2]include(/www/wwwroot/532rzp.com/vendor/topthink/think-multi-app/src/MultiApp.php): failed to open stream: Too many open files in system
[2024-09-14T23:22:53+08:00][error] [2]include(/www/wwwroot/532rzp.com/app/middleware.php): failed to open stream: Too many open files in system
[2024-09-14T23:22:54+08:00][error] [0]Class 'think\exception\ErrorException' not found
[2024-09-14T23:22:59+08:00][error] [2]include(/www/wwwroot/532rzp.com/vendor/topthink/framework/src/think/Pipeline.php): failed to open stream: Too many open files in system
